mode: atomic
github.com/google/gnxi/utils/target/gnmi/model.go:44.91,51.2 1 0
github.com/google/gnxi/utils/target/gnmi/model.go:54.84,56.42 2 10
github.com/google/gnxi/utils/target/gnmi/model.go:60.2,61.9 2 10
github.com/google/gnxi/utils/target/gnmi/model.go:64.2,64.46 1 0
github.com/google/gnxi/utils/target/gnmi/model.go:67.2,67.23 1 0
github.com/google/gnxi/utils/target/gnmi/model.go:72.2,72.24 1 0
github.com/google/gnxi/utils/target/gnmi/model.go:56.42,58.3 1 0
github.com/google/gnxi/utils/target/gnmi/model.go:61.9,63.3 1 10
github.com/google/gnxi/utils/target/gnmi/model.go:64.46,66.3 1 0
github.com/google/gnxi/utils/target/gnmi/model.go:67.23,68.67 1 0
github.com/google/gnxi/utils/target/gnmi/model.go:68.67,70.4 1 0
github.com/google/gnxi/utils/target/gnmi/model.go:76.44,78.32 2 0
github.com/google/gnxi/utils/target/gnmi/model.go:81.2,82.14 2 0
github.com/google/gnxi/utils/target/gnmi/model.go:78.32,80.3 1 0
github.com/google/gnxi/utils/target/gnmi/target.go:79.87,81.16 2 10
github.com/google/gnxi/utils/target/gnmi/target.go:84.2,88.8 1 0
github.com/google/gnxi/utils/target/gnmi/target.go:81.16,83.3 1 10
github.com/google/gnxi/utils/target/gnmi/target.go:93.92,95.55 2 0
github.com/google/gnxi/utils/target/gnmi/target.go:101.2,101.27 1 0
github.com/google/gnxi/utils/target/gnmi/target.go:104.2,104.27 1 0
github.com/google/gnxi/utils/target/gnmi/target.go:116.2,116.12 1 0
github.com/google/gnxi/utils/target/gnmi/target.go:95.55,96.36 1 0
github.com/google/gnxi/utils/target/gnmi/target.go:96.36,98.9 2 0
github.com/google/gnxi/utils/target/gnmi/target.go:101.27,103.3 1 0
github.com/google/gnxi/utils/target/gnmi/target.go:104.27,106.52 2 0
github.com/google/gnxi/utils/target/gnmi/target.go:112.3,112.19 1 0
github.com/google/gnxi/utils/target/gnmi/target.go:106.52,107.44 1 0
github.com/google/gnxi/utils/target/gnmi/target.go:107.44,109.10 2 0
github.com/google/gnxi/utils/target/gnmi/target.go:112.19,114.4 1 0
github.com/google/gnxi/utils/target/gnmi/target.go:121.47,124.16 3 0
github.com/google/gnxi/utils/target/gnmi/target.go:127.2,129.16 3 0
github.com/google/gnxi/utils/target/gnmi/target.go:132.2,133.49 2 0
github.com/google/gnxi/utils/target/gnmi/target.go:136.2,137.16 2 0
github.com/google/gnxi/utils/target/gnmi/target.go:140.2,140.27 1 0
github.com/google/gnxi/utils/target/gnmi/target.go:124.16,126.3 1 0
github.com/google/gnxi/utils/target/gnmi/target.go:129.16,131.3 1 0
github.com/google/gnxi/utils/target/gnmi/target.go:133.49,135.3 1 0
github.com/google/gnxi/utils/target/gnmi/target.go:137.16,139.3 1 0
github.com/google/gnxi/utils/target/gnmi/target.go:144.51,146.30 2 0
github.com/google/gnxi/utils/target/gnmi/target.go:149.2,149.27 1 0
github.com/google/gnxi/utils/target/gnmi/target.go:152.2,152.17 1 0
github.com/google/gnxi/utils/target/gnmi/target.go:146.30,148.3 1 0
github.com/google/gnxi/utils/target/gnmi/target.go:149.27,151.3 1 0
github.com/google/gnxi/utils/target/gnmi/target.go:158.168,159.75 1 0
github.com/google/gnxi/utils/target/gnmi/target.go:163.2,164.42 2 0
github.com/google/gnxi/utils/target/gnmi/target.go:167.2,168.9 2 0
github.com/google/gnxi/utils/target/gnmi/target.go:173.2,173.82 1 0
github.com/google/gnxi/utils/target/gnmi/target.go:176.2,176.46 1 0
github.com/google/gnxi/utils/target/gnmi/target.go:179.2,179.23 1 0
github.com/google/gnxi/utils/target/gnmi/target.go:185.2,186.16 2 0
github.com/google/gnxi/utils/target/gnmi/target.go:191.2,192.50 2 0
github.com/google/gnxi/utils/target/gnmi/target.go:159.75,161.3 1 0
github.com/google/gnxi/utils/target/gnmi/target.go:164.42,166.3 1 0
github.com/google/gnxi/utils/target/gnmi/target.go:168.9,172.3 3 0
github.com/google/gnxi/utils/target/gnmi/target.go:173.82,175.3 1 0
github.com/google/gnxi/utils/target/gnmi/target.go:176.46,178.3 1 0
github.com/google/gnxi/utils/target/gnmi/target.go:179.23,180.48 1 0
github.com/google/gnxi/utils/target/gnmi/target.go:180.48,182.4 1 0
github.com/google/gnxi/utils/target/gnmi/target.go:186.16,190.3 3 0
github.com/google/gnxi/utils/target/gnmi/target.go:196.111,198.16 2 0
github.com/google/gnxi/utils/target/gnmi/target.go:201.2,205.8 1 0
github.com/google/gnxi/utils/target/gnmi/target.go:198.16,200.3 1 0
github.com/google/gnxi/utils/target/gnmi/target.go:209.88,210.40 1 0
github.com/google/gnxi/utils/target/gnmi/target.go:213.2,213.87 1 0
github.com/google/gnxi/utils/target/gnmi/target.go:217.2,224.29 6 0
github.com/google/gnxi/utils/target/gnmi/target.go:294.2,294.58 1 0
github.com/google/gnxi/utils/target/gnmi/target.go:210.40,212.3 1 0
github.com/google/gnxi/utils/target/gnmi/target.go:213.87,215.3 1 0
github.com/google/gnxi/utils/target/gnmi/target.go:224.29,227.20 2 0
github.com/google/gnxi/utils/target/gnmi/target.go:230.3,230.64 1 0
github.com/google/gnxi/utils/target/gnmi/target.go:233.3,234.43 2 0
github.com/google/gnxi/utils/target/gnmi/target.go:238.3,242.10 3 0
github.com/google/gnxi/utils/target/gnmi/target.go:262.3,262.102 1 0
github.com/google/gnxi/utils/target/gnmi/target.go:265.3,266.17 2 0
github.com/google/gnxi/utils/target/gnmi/target.go:271.3,271.31 1 0
github.com/google/gnxi/utils/target/gnmi/target.go:274.3,275.17 2 0
github.com/google/gnxi/utils/target/gnmi/target.go:280.3,292.4 2 0
github.com/google/gnxi/utils/target/gnmi/target.go:227.20,229.4 1 0
github.com/google/gnxi/utils/target/gnmi/target.go:230.64,232.4 1 0
github.com/google/gnxi/utils/target/gnmi/target.go:234.43,236.4 1 0
github.com/google/gnxi/utils/target/gnmi/target.go:242.10,243.51 1 0
github.com/google/gnxi/utils/target/gnmi/target.go:246.4,247.18 2 0
github.com/google/gnxi/utils/target/gnmi/target.go:252.4,258.12 3 0
github.com/google/gnxi/utils/target/gnmi/target.go:243.51,245.5 1 0
github.com/google/gnxi/utils/target/gnmi/target.go:247.18,251.5 3 0
github.com/google/gnxi/utils/target/gnmi/target.go:262.102,264.4 1 0
github.com/google/gnxi/utils/target/gnmi/target.go:266.17,270.4 3 0
github.com/google/gnxi/utils/target/gnmi/target.go:271.31,273.4 1 0
github.com/google/gnxi/utils/target/gnmi/target.go:275.17,279.4 3 0
github.com/google/gnxi/utils/target/gnmi/target.go:298.88,303.16 4 0
github.com/google/gnxi/utils/target/gnmi/target.go:309.2,312.39 3 0
github.com/google/gnxi/utils/target/gnmi/target.go:319.2,319.39 1 0
github.com/google/gnxi/utils/target/gnmi/target.go:326.2,326.38 1 0
github.com/google/gnxi/utils/target/gnmi/target.go:334.2,335.16 2 0
github.com/google/gnxi/utils/target/gnmi/target.go:340.2,341.16 2 0
github.com/google/gnxi/utils/target/gnmi/target.go:346.2,350.8 2 0
github.com/google/gnxi/utils/target/gnmi/target.go:303.16,307.3 3 0
github.com/google/gnxi/utils/target/gnmi/target.go:312.39,314.17 2 0
github.com/google/gnxi/utils/target/gnmi/target.go:317.3,317.33 1 0
github.com/google/gnxi/utils/target/gnmi/target.go:314.17,316.4 1 0
github.com/google/gnxi/utils/target/gnmi/target.go:319.39,321.17 2 0
github.com/google/gnxi/utils/target/gnmi/target.go:324.3,324.33 1 0
github.com/google/gnxi/utils/target/gnmi/target.go:321.17,323.4 1 0
github.com/google/gnxi/utils/target/gnmi/target.go:326.38,328.17 2 0
github.com/google/gnxi/utils/target/gnmi/target.go:331.3,331.33 1 0
github.com/google/gnxi/utils/target/gnmi/target.go:328.17,330.4 1 0
github.com/google/gnxi/utils/target/gnmi/target.go:335.16,339.3 3 0
github.com/google/gnxi/utils/target/gnmi/target.go:341.16,345.3 3 0
github.com/google/gnxi/utils/target/gnmi/target.go:354.66,356.2 1 0
